<?xml version="1.0" encoding="UTF-8"?>
<!-- Generated by org.testng.reporters.JUnitXMLReporter -->
<testsuite ignored="1" hostname="USER" failures="0" tests="1" name="Default test" time="29.397" errors="0" timestamp="2024-11-30T12:53:56 IST">
  <testcase classname="TestCases.TC001" name="verifyLogin" time="10.614"/>
  <testcase classname="TestCases.TC001" name="verifyLogOutFunctionality" time="0.0">
    <ignored/>
  </testcase> <!-- verifyLogOutFunctionality -->
</testsuite> <!-- Default test -->
