<?xml version="1.0" encoding="UTF-8"?>
<!-- Generated by org.testng.reporters.JUnitXMLReporter -->
<testsuite ignored="1" hostname="USER" failures="0" tests="2" name="Test" time="77.825" errors="0" timestamp="2024-11-30T13:20:22 IST">
  <testcase classname="TestCases.TC001" name="verifyLogin" time="11.249"/>
  <testcase classname="TestCases.TC002" name="validateSearchFunction" time="16.091"/>
  <testcase classname="TestCases.TC001" name="verifyLogOutFunctionality" time="0.0">
    <ignored/>
  </testcase> <!-- verifyLogOutFunctionality -->
</testsuite> <!-- Test -->
